@0 +0
/tb_auk_dspip_ctc_umts2_itlv/addr_valid U
/tb_auk_dspip_ctc_umts2_itlv/out_addr X
@10000 +1
/tb_auk_dspip_ctc_umts2_itlv/addr_valid 0
@20000 +2
/tb_auk_dspip_ctc_umts2_itlv/out_addr 0
@90000 +1
/tb_auk_dspip_ctc_umts2_itlv/out_addr X
@130000 +1
/tb_auk_dspip_ctc_umts2_itlv/out_addr X
@170000 +1
/tb_auk_dspip_ctc_umts2_itlv/out_addr 1
@330000 +1
/tb_auk_dspip_ctc_umts2_itlv/addr_valid 1
@350000 +1
/tb_auk_dspip_ctc_umts2_itlv/out_addr 33
@370000 +1
/tb_auk_dspip_ctc_umts2_itlv/out_addr 17
@390000 +1
/tb_auk_dspip_ctc_umts2_itlv/out_addr 49
@410000 +1
/tb_auk_dspip_ctc_umts2_itlv/out_addr 9
@430000 +1
/tb_auk_dspip_ctc_umts2_itlv/out_addr 41
@450000 +1
/tb_auk_dspip_ctc_umts2_itlv/out_addr 25
@470000 +1
/tb_auk_dspip_ctc_umts2_itlv/out_addr 57
@490000 +1
/tb_auk_dspip_ctc_umts2_itlv/out_addr 5
@510000 +1
/tb_auk_dspip_ctc_umts2_itlv/out_addr 37
@530000 +1
/tb_auk_dspip_ctc_umts2_itlv/out_addr 21
@550000 +1
/tb_auk_dspip_ctc_umts2_itlv/out_addr 53
@570000 +1
/tb_auk_dspip_ctc_umts2_itlv/out_addr 13
@590000 +1
/tb_auk_dspip_ctc_umts2_itlv/out_addr 45
@610000 +1
/tb_auk_dspip_ctc_umts2_itlv/out_addr 29
@630000 +1
/tb_auk_dspip_ctc_umts2_itlv/out_addr 61
@650000 +1
/tb_auk_dspip_ctc_umts2_itlv/out_addr 3
@670000 +1
/tb_auk_dspip_ctc_umts2_itlv/out_addr 35
@690000 +1
/tb_auk_dspip_ctc_umts2_itlv/out_addr 19
@710000 +1
/tb_auk_dspip_ctc_umts2_itlv/out_addr 51
@730000 +1
/tb_auk_dspip_ctc_umts2_itlv/out_addr 11
@750000 +1
/tb_auk_dspip_ctc_umts2_itlv/out_addr 43
@770000 +1
/tb_auk_dspip_ctc_umts2_itlv/out_addr 27
@790000 +1
/tb_auk_dspip_ctc_umts2_itlv/out_addr 59
@810000 +1
/tb_auk_dspip_ctc_umts2_itlv/out_addr 7
@830000 +1
/tb_auk_dspip_ctc_umts2_itlv/out_addr 39
@850000 +1
/tb_auk_dspip_ctc_umts2_itlv/out_addr 23
@870000 +1
/tb_auk_dspip_ctc_umts2_itlv/out_addr 55
@890000 +1
/tb_auk_dspip_ctc_umts2_itlv/out_addr 15
@910000 +1
/tb_auk_dspip_ctc_umts2_itlv/out_addr 47
@930000 +1
/tb_auk_dspip_ctc_umts2_itlv/out_addr 31
@950000 +1
/tb_auk_dspip_ctc_umts2_itlv/addr_valid 0
/tb_auk_dspip_ctc_umts2_itlv/out_addr 63
@970000 +1
/tb_auk_dspip_ctc_umts2_itlv/addr_valid 1
/tb_auk_dspip_ctc_umts2_itlv/out_addr 0
@990000 +1
/tb_auk_dspip_ctc_umts2_itlv/out_addr 32
@1010000 +1
/tb_auk_dspip_ctc_umts2_itlv/out_addr 16
@1030000 +1
/tb_auk_dspip_ctc_umts2_itlv/out_addr 48
@1050000 +1
/tb_auk_dspip_ctc_umts2_itlv/out_addr 8
@1070000 +1
/tb_auk_dspip_ctc_umts2_itlv/out_addr 40
@1090000 +1
/tb_auk_dspip_ctc_umts2_itlv/out_addr 24
@1110000 +1
/tb_auk_dspip_ctc_umts2_itlv/out_addr 56
@1130000 +1
/tb_auk_dspip_ctc_umts2_itlv/out_addr 4
@1150000 +1
/tb_auk_dspip_ctc_umts2_itlv/out_addr 36
@1170000 +1
/tb_auk_dspip_ctc_umts2_itlv/out_addr 20
@1190000 +1
/tb_auk_dspip_ctc_umts2_itlv/out_addr 52
@1210000 +1
/tb_auk_dspip_ctc_umts2_itlv/out_addr 12
@1230000 +1
/tb_auk_dspip_ctc_umts2_itlv/out_addr 44
@1250000 +1
/tb_auk_dspip_ctc_umts2_itlv/out_addr 28
@1270000 +1
/tb_auk_dspip_ctc_umts2_itlv/out_addr 60
@1290000 +1
/tb_auk_dspip_ctc_umts2_itlv/out_addr 2
@1310000 +1
/tb_auk_dspip_ctc_umts2_itlv/out_addr 34
@1330000 +1
/tb_auk_dspip_ctc_umts2_itlv/out_addr 18
@1350000 +1
/tb_auk_dspip_ctc_umts2_itlv/out_addr 50
@1370000 +1
/tb_auk_dspip_ctc_umts2_itlv/out_addr 10
@1390000 +1
/tb_auk_dspip_ctc_umts2_itlv/out_addr 42
@1410000 +1
/tb_auk_dspip_ctc_umts2_itlv/out_addr 26
@1430000 +1
/tb_auk_dspip_ctc_umts2_itlv/out_addr 58
@1450000 +1
/tb_auk_dspip_ctc_umts2_itlv/out_addr 6
@1470000 +1
/tb_auk_dspip_ctc_umts2_itlv/out_addr 38
@1490000 +1
/tb_auk_dspip_ctc_umts2_itlv/out_addr 22
@1510000 +1
/tb_auk_dspip_ctc_umts2_itlv/out_addr 54
@1530000 +1
/tb_auk_dspip_ctc_umts2_itlv/out_addr 14
@1550000 +1
/tb_auk_dspip_ctc_umts2_itlv/out_addr 46
@1570000 +1
/tb_auk_dspip_ctc_umts2_itlv/out_addr 30
@1590000 +1
/tb_auk_dspip_ctc_umts2_itlv/out_addr 62
@1610000 +1
/tb_auk_dspip_ctc_umts2_itlv/addr_valid 0
/tb_auk_dspip_ctc_umts2_itlv/out_addr 1
