         ps       /tb_auk_dspip_ctc_umts2_itlv/out_addr       
          delta   /tb_auk_dspip_ctc_umts2_itlv/addr_valid     
          0  +0                                       X U 
      10000  +1                                       X 0 
      20000  +2                                       0 0 
      90000  +1                                       X 0 
     130000  +1                                       X 0 
     170000  +1                                       1 0 
     330000  +1                                       1 1 
     350000  +1                                      33 1 
     370000  +1                                      17 1 
     390000  +1                                      49 1 
     410000  +1                                       9 1 
     430000  +1                                      41 1 
     450000  +1                                      25 1 
     470000  +1                                      57 1 
     490000  +1                                       5 1 
     510000  +1                                      37 1 
     530000  +1                                      21 1 
     550000  +1                                      53 1 
     570000  +1                                      13 1 
     590000  +1                                      45 1 
     610000  +1                                      29 1 
     630000  +1                                      61 1 
     650000  +1                                       3 1 
     670000  +1                                      35 1 
     690000  +1                                      19 1 
     710000  +1                                      51 1 
     730000  +1                                      11 1 
     750000  +1                                      43 1 
     770000  +1                                      27 1 
     790000  +1                                      59 1 
     810000  +1                                       7 1 
     830000  +1                                      39 1 
     850000  +1                                      23 1 
     870000  +1                                      55 1 
     890000  +1                                      15 1 
     910000  +1                                      47 1 
     930000  +1                                      31 1 
     950000  +1                                      63 0 
     970000  +1                                       0 1 
     990000  +1                                      32 1 
    1010000  +1                                      16 1 
    1030000  +1                                      48 1 
    1050000  +1                                       8 1 
    1070000  +1                                      40 1 
    1090000  +1                                      24 1 
    1110000  +1                                      56 1 
    1130000  +1                                       4 1 
    1150000  +1                                      36 1 
    1170000  +1                                      20 1 
    1190000  +1                                      52 1 
    1210000  +1                                      12 1 
    1230000  +1                                      44 1 
    1250000  +1                                      28 1 
    1270000  +1                                      60 1 
    1290000  +1                                       2 1 
    1310000  +1                                      34 1 
    1330000  +1                                      18 1 
    1350000  +1                                      50 1 
    1370000  +1                                      10 1 
    1390000  +1                                      42 1 
    1410000  +1                                      26 1 
    1430000  +1                                      58 1 
    1450000  +1                                       6 1 
    1470000  +1                                      38 1 
    1490000  +1                                      22 1 
    1510000  +1                                      54 1 
    1530000  +1                                      14 1 
    1550000  +1                                      46 1 
    1570000  +1                                      30 1 
    1590000  +1                                      62 1 
    1610000  +1                                       1 0 
