
**** Build of configuration Nios II for project Test ****

make all 
Info: Building ../Test_bsp/
make --no-print-directory -C ../Test_bsp/
[BSP build complete]
Info: Compiling hello_world.c to obj/default/hello_world.o
nios2-elf-gcc -xc -MP -MMD -c -I../Test_bsp//HAL/inc -I../Test_bsp/ -I../Test_bsp//drivers/inc  -DSYSTEM_BUS_WIDTH=32 -pipe -D__hal__ -DALT_NO_C_PLUS_PLUS -DALT_NO_INSTRUCTION_EMULATION -DALT_USE_SMALL_DRIVERS -DSMALL_C_LIB -DALT_SINGLE_THREADED    -O0 -g -Wall   -mno-hw-div -mno-hw-mul -mno-hw-mulx  -o obj/default/hello_world.o hello_world.c
hello_world.c: In function 'main':
hello_world.c:22:3: warning: implicit declaration of function 'IORD_ALTERA_AVALON_PIO_DATA' [-Wimplicit-function-declaration]
hello_world.c:22:34: error: 'KEY_BASE' undeclared (first use in this function)
hello_world.c:22:34: note: each undeclared identifier is reported only once for each function it appears in
hello_world.c:22:3: warning: implicit declaration of function 'IOWR_ALTERA_AVALON_PIO_DATA' [-Wimplicit-function-declaration]
hello_world.c:22:76: error: 'LED_BASE' undeclared (first use in this function)
make: *** [obj/default/hello_world.o] Error 1

**** Build Finished ****

**** Build of configuration Nios II for project Test ****

make all 
Info: Building ../Test_bsp/
make --no-print-directory -C ../Test_bsp/
[BSP build complete]
Info: Compiling hello_world.c to obj/default/hello_world.o
nios2-elf-gcc -xc -MP -MMD -c -I../Test_bsp//HAL/inc -I../Test_bsp/ -I../Test_bsp//drivers/inc  -DSYSTEM_BUS_WIDTH=32 -pipe -D__hal__ -DALT_NO_C_PLUS_PLUS -DALT_NO_INSTRUCTION_EMULATION -DALT_USE_SMALL_DRIVERS -DSMALL_C_LIB -DALT_SINGLE_THREADED    -O0 -g -Wall   -mno-hw-div -mno-hw-mul -mno-hw-mulx  -o obj/default/hello_world.o hello_world.c
hello_world.c: In function 'main':
hello_world.c:22:3: warning: implicit declaration of function 'IORD_ALTERA_AVALON_PIO_DATA' [-Wimplicit-function-declaration]
hello_world.c:22:34: error: 'KEY_BASE' undeclared (first use in this function)
hello_world.c:22:34: note: each undeclared identifier is reported only once for each function it appears in
hello_world.c:22:3: warning: implicit declaration of function 'IOWR_ALTERA_AVALON_PIO_DATA' [-Wimplicit-function-declaration]
hello_world.c:22:76: error: 'LED_BASE' undeclared (first use in this function)
make: *** [obj/default/hello_world.o] Error 1

**** Build Finished ****

**** Build of configuration Nios II for project Test ****

make all 
Info: Building ../Test_bsp/
make --no-print-directory -C ../Test_bsp/
[BSP build complete]
Info: Compiling hello_world.c to obj/default/hello_world.o
nios2-elf-gcc -xc -MP -MMD -c -I../Test_bsp//HAL/inc -I../Test_bsp/ -I../Test_bsp//drivers/inc  -DSYSTEM_BUS_WIDTH=32 -pipe -D__hal__ -DALT_NO_C_PLUS_PLUS -DALT_NO_INSTRUCTION_EMULATION -DALT_USE_SMALL_DRIVERS -DSMALL_C_LIB -DALT_SINGLE_THREADED    -O0 -g -Wall   -mno-hw-div -mno-hw-mul -mno-hw-mulx  -o obj/default/hello_world.o hello_world.c
hello_world.c: In function 'main':
hello_world.c:22:3: warning: implicit declaration of function 'IORD_ALTERA_AVALON_PIO_DATA' [-Wimplicit-function-declaration]
hello_world.c:22:34: error: 'KEY_BASE' undeclared (first use in this function)
hello_world.c:22:34: note: each undeclared identifier is reported only once for each function it appears in
hello_world.c:22:3: warning: implicit declaration of function 'IOWR_ALTERA_AVALON_PIO_DATA' [-Wimplicit-function-declaration]
hello_world.c:22:76: error: 'LED_BASE' undeclared (first use in this function)
make: *** [obj/default/hello_world.o] Error 1

**** Build Finished ****

**** Build of configuration Nios II for project Test ****

make all 
Info: Building ../Test_bsp/
make --no-print-directory -C ../Test_bsp/
[BSP build complete]
Info: Compiling hello_world.c to obj/default/hello_world.o
nios2-elf-gcc -xc -MP -MMD -c -I../Test_bsp//HAL/inc -I../Test_bsp/ -I../Test_bsp//drivers/inc  -DSYSTEM_BUS_WIDTH=32 -pipe -D__hal__ -DALT_NO_C_PLUS_PLUS -DALT_NO_INSTRUCTION_EMULATION -DALT_USE_SMALL_DRIVERS -DSMALL_C_LIB -DALT_SINGLE_THREADED    -O0 -g -Wall   -mno-hw-div -mno-hw-mul -mno-hw-mulx  -o obj/default/hello_world.o hello_world.c
hello_world.c: In function 'main':
hello_world.c:22:3: warning: implicit declaration of function 'IORD_ALTERA_AVALON_PIO_DATA' [-Wimplicit-function-declaration]
hello_world.c:22:34: error: 'KEY_BASE' undeclared (first use in this function)
hello_world.c:22:34: note: each undeclared identifier is reported only once for each function it appears in
hello_world.c:23:4: warning: implicit declaration of function 'IOWR_ALTERA_AVALON_PIO_DATA' [-Wimplicit-function-declaration]
hello_world.c:23:32: error: 'LED_BASE' undeclared (first use in this function)
make: *** [obj/default/hello_world.o] Error 1

**** Build Finished ****

**** Build of configuration Nios II for project Test ****

make all 
Info: Building ../Test_bsp/
make --no-print-directory -C ../Test_bsp/
[BSP build complete]
Info: Compiling hello_world.c to obj/default/hello_world.o
nios2-elf-gcc -xc -MP -MMD -c -I../Test_bsp//HAL/inc -I../Test_bsp/ -I../Test_bsp//drivers/inc  -DSYSTEM_BUS_WIDTH=32 -pipe -D__hal__ -DALT_NO_C_PLUS_PLUS -DALT_NO_INSTRUCTION_EMULATION -DALT_USE_SMALL_DRIVERS -DSMALL_C_LIB -DALT_SINGLE_THREADED    -O0 -g -Wall   -mno-hw-div -mno-hw-mul -mno-hw-mulx  -o obj/default/hello_world.o hello_world.c
hello_world.c: In function 'main':
hello_world.c:24:6: error: 'KEY_BASE' undeclared (first use in this function)
hello_world.c:24:6: note: each undeclared identifier is reported only once for each function it appears in
hello_world.c:25:4: error: 'LED_BASE' undeclared (first use in this function)
make: *** [obj/default/hello_world.o] Error 1

**** Build Finished ****
